Determining if the pthread_create exist failed with the following output:
Change Dir: /home/nvidia/Workspace/gpu_mtcnn/MTCNN_FaceDetection_TensorRT/CMakeFiles/CMakeTmp

Run Build Command:"/usr/bin/make" "cmTC_b0161/fast"
/usr/bin/make -f CMakeFiles/cmTC_b0161.dir/build.make CMakeFiles/cmTC_b0161.dir/build
make[1]: Entering directory '/home/nvidia/Workspace/gpu_mtcnn/MTCNN_FaceDetection_TensorRT/CMakeFiles/CMakeTmp'
Building C object CMakeFiles/cmTC_b0161.dir/CheckSymbolExists.c.o
/usr/bin/cc   -fPIC    -o CMakeFiles/cmTC_b0161.dir/CheckSymbolExists.c.o   -c /home/nvidia/Workspace/gpu_mtcnn/MTCNN_FaceDetection_TensorRT/CMakeFiles/CMakeTmp/CheckSymbolExists.c
Linking C executable cmTC_b0161
/usr/bin/cmake -E cmake_link_script CMakeFiles/cmTC_b0161.dir/link.txt --verbose=1
/usr/bin/cc -fPIC     CMakeFiles/cmTC_b0161.dir/CheckSymbolExists.c.o  -o cmTC_b0161 
CMakeFiles/cmTC_b0161.dir/CheckSymbolExists.c.o: In function `main':
CheckSymbolExists.c:(.text+0x14): undefined reference to `pthread_create'
CheckSymbolExists.c:(.text+0x18): undefined reference to `pthread_create'
collect2: error: ld returned 1 exit status
CMakeFiles/cmTC_b0161.dir/build.make:97: recipe for target 'cmTC_b0161' failed
make[1]: *** [cmTC_b0161] Error 1
make[1]: Leaving directory '/home/nvidia/Workspace/gpu_mtcnn/MTCNN_FaceDetection_TensorRT/CMakeFiles/CMakeTmp'
Makefile:126: recipe for target 'cmTC_b0161/fast' failed
make: *** [cmTC_b0161/fast] Error 2

File /home/nvidia/Workspace/gpu_mtcnn/MTCNN_FaceDetection_TensorRT/CMakeFiles/CMakeTmp/CheckSymbolExists.c:
/* */
#include <pthread.h>

int main(int argc, char** argv)
{
  (void)argv;
#ifndef pthread_create
  return ((int*)(&pthread_create))[argc];
#else
  (void)argc;
  return 0;
#endif
}

Determining if the function pthread_create exists in the pthreads failed with the following output:
Change Dir: /home/nvidia/Workspace/gpu_mtcnn/MTCNN_FaceDetection_TensorRT/CMakeFiles/CMakeTmp

Run Build Command:"/usr/bin/make" "cmTC_6ef87/fast"
/usr/bin/make -f CMakeFiles/cmTC_6ef87.dir/build.make CMakeFiles/cmTC_6ef87.dir/build
make[1]: Entering directory '/home/nvidia/Workspace/gpu_mtcnn/MTCNN_FaceDetection_TensorRT/CMakeFiles/CMakeTmp'
Building C object CMakeFiles/cmTC_6ef87.dir/CheckFunctionExists.c.o
/usr/bin/cc   -fPIC -DCHECK_FUNCTION_EXISTS=pthread_create   -o CMakeFiles/cmTC_6ef87.dir/CheckFunctionExists.c.o   -c /usr/share/cmake-3.10/Modules/CheckFunctionExists.c
Linking C executable cmTC_6ef87
/usr/bin/cmake -E cmake_link_script CMakeFiles/cmTC_6ef87.dir/link.txt --verbose=1
/usr/bin/cc -fPIC -DCHECK_FUNCTION_EXISTS=pthread_create    CMakeFiles/cmTC_6ef87.dir/CheckFunctionExists.c.o  -o cmTC_6ef87 -lpthreads 
/usr/bin/ld: cannot find -lpthreads
collect2: error: ld returned 1 exit status
CMakeFiles/cmTC_6ef87.dir/build.make:97: recipe for target 'cmTC_6ef87' failed
make[1]: *** [cmTC_6ef87] Error 1
make[1]: Leaving directory '/home/nvidia/Workspace/gpu_mtcnn/MTCNN_FaceDetection_TensorRT/CMakeFiles/CMakeTmp'
Makefile:126: recipe for target 'cmTC_6ef87/fast' failed
make: *** [cmTC_6ef87/fast] Error 2


Determining if the pthread_create exist failed with the following output:
Change Dir: /home/nvidia/Workspace/gpu_mtcnn/CMakeFiles/CMakeTmp

Run Build Command:"/usr/bin/make" "cmTC_6908a/fast"
/usr/bin/make -f CMakeFiles/cmTC_6908a.dir/build.make CMakeFiles/cmTC_6908a.dir/build
make[1]: Entering directory '/home/nvidia/Workspace/gpu_mtcnn/CMakeFiles/CMakeTmp'
Building C object CMakeFiles/cmTC_6908a.dir/CheckSymbolExists.c.o
/usr/bin/cc   -fPIC    -o CMakeFiles/cmTC_6908a.dir/CheckSymbolExists.c.o   -c /home/nvidia/Workspace/gpu_mtcnn/CMakeFiles/CMakeTmp/CheckSymbolExists.c
Linking C executable cmTC_6908a
/usr/bin/cmake -E cmake_link_script CMakeFiles/cmTC_6908a.dir/link.txt --verbose=1
/usr/bin/cc -fPIC     CMakeFiles/cmTC_6908a.dir/CheckSymbolExists.c.o  -o cmTC_6908a 
CMakeFiles/cmTC_6908a.dir/CheckSymbolExists.c.o: In function `main':
CheckSymbolExists.c:(.text+0x14): undefined reference to `pthread_create'
CheckSymbolExists.c:(.text+0x18): undefined reference to `pthread_create'
collect2: error: ld returned 1 exit status
CMakeFiles/cmTC_6908a.dir/build.make:97: recipe for target 'cmTC_6908a' failed
make[1]: *** [cmTC_6908a] Error 1
make[1]: Leaving directory '/home/nvidia/Workspace/gpu_mtcnn/CMakeFiles/CMakeTmp'
Makefile:126: recipe for target 'cmTC_6908a/fast' failed
make: *** [cmTC_6908a/fast] Error 2

File /home/nvidia/Workspace/gpu_mtcnn/CMakeFiles/CMakeTmp/CheckSymbolExists.c:
/* */
#include <pthread.h>

int main(int argc, char** argv)
{
  (void)argv;
#ifndef pthread_create
  return ((int*)(&pthread_create))[argc];
#else
  (void)argc;
  return 0;
#endif
}

Determining if the function pthread_create exists in the pthreads failed with the following output:
Change Dir: /home/nvidia/Workspace/gpu_mtcnn/CMakeFiles/CMakeTmp

Run Build Command:"/usr/bin/make" "cmTC_3562e/fast"
/usr/bin/make -f CMakeFiles/cmTC_3562e.dir/build.make CMakeFiles/cmTC_3562e.dir/build
make[1]: Entering directory '/home/nvidia/Workspace/gpu_mtcnn/CMakeFiles/CMakeTmp'
Building C object CMakeFiles/cmTC_3562e.dir/CheckFunctionExists.c.o
/usr/bin/cc   -fPIC -DCHECK_FUNCTION_EXISTS=pthread_create   -o CMakeFiles/cmTC_3562e.dir/CheckFunctionExists.c.o   -c /usr/share/cmake-3.10/Modules/CheckFunctionExists.c
Linking C executable cmTC_3562e
/usr/bin/cmake -E cmake_link_script CMakeFiles/cmTC_3562e.dir/link.txt --verbose=1
/usr/bin/cc -fPIC -DCHECK_FUNCTION_EXISTS=pthread_create    CMakeFiles/cmTC_3562e.dir/CheckFunctionExists.c.o  -o cmTC_3562e -lpthreads 
/usr/bin/ld: cannot find -lpthreads
collect2: error: ld returned 1 exit status
CMakeFiles/cmTC_3562e.dir/build.make:97: recipe for target 'cmTC_3562e' failed
make[1]: *** [cmTC_3562e] Error 1
make[1]: Leaving directory '/home/nvidia/Workspace/gpu_mtcnn/CMakeFiles/CMakeTmp'
Makefile:126: recipe for target 'cmTC_3562e/fast' failed
make: *** [cmTC_3562e/fast] Error 2


